[08/Mar/2026 16:53:15] "GET /api/health/ HTTP/1.1" 200 37
[08/Mar/2026 16:53:15,276] - Broken pipe from ('127.0.0.1', 62403)
[08/Mar/2026 16:53:30] "GET /api/health/ HTTP/1.1" 200 37
[08/Mar/2026 16:53:30,461] - Broken pipe from ('127.0.0.1', 57377)
[08/Mar/2026 16:54:29] "GET /api/products?ordering=name HTTP/1.1" 200 6403
[08/Mar/2026 16:54:29] "GET /api/categories HTTP/1.1" 200 1023
[08/Mar/2026 16:54:29] "GET /api/categories HTTP/1.1" 200 1023
[08/Mar/2026 16:54:29] "GET /api/products?ordering=name HTTP/1.1" 200 6403
[08/Mar/2026 16:54:38] "OPTIONS /api/login HTTP/1.1" 200 0
[08/Mar/2026 16:54:39] "POST /api/login HTTP/1.1" 200 519
[08/Mar/2026 16:54:39] "OPTIONS /api/profile HTTP/1.1" 200 0
[08/Mar/2026 16:54:39] "GET /api/profile HTTP/1.1" 200 259
[08/Mar/2026 16:54:39] "OPTIONS /api/subscriptions?ordering=-created_at&limit=10&offset=0 HTTP/1.1" 200 0
[08/Mar/2026 16:54:39] "GET /api/subscriptions?ordering=-created_at&limit=10&offset=0 HTTP/1.1" 200 2
[08/Mar/2026 16:54:39] "GET /media/products/Gemini_Generated_Image_tsemjktsemjktsem.png HTTP/1.1" 304 0
[08/Mar/2026 16:54:39] "GET /media/products/Gemini_Generated_Image_7odfos7odfos7odf_NmWqMbk.png HTTP/1.1" 304 0
[08/Mar/2026 16:54:39] "GET /media/products/Desi_Cow_Ghee.png HTTP/1.1" 304 0
[08/Mar/2026 16:54:39] "GET /media/products/Chochlate_Milk.png HTTP/1.1" 304 0
[08/Mar/2026 16:54:39] "GET /media/products/Cheddar_Cheese.png HTTP/1.1" 304 0
[08/Mar/2026 16:54:39] "GET /media/products/Double_Toned_Milk.png HTTP/1.1" 304 0
[08/Mar/2026 16:54:39] "GET /media/products/Fresh_Curd.png HTTP/1.1" 304 0
[08/Mar/2026 16:54:39] "GET /media/products/Fresh_Paneer.png HTTP/1.1" 304 0
[08/Mar/2026 16:54:39] "GET /media/products/Full_Cream_Milk.png HTTP/1.1" 304 0
[08/Mar/2026 16:54:39] "GET /media/products/Greek_Yogurt.png HTTP/1.1" 304 0
[08/Mar/2026 16:54:39] "GET /media/products/Low_Fat_Paneer.png HTTP/1.1" 304 0
[08/Mar/2026 16:54:39] "GET /media/products/Malai_Paneer.png HTTP/1.1" 304 0
[08/Mar/2026 16:54:39] "GET /media/products/Low_Fat_Yogurt.png HTTP/1.1" 304 0
[08/Mar/2026 16:54:39] "GET /media/products/Mozzarella_Cheese.png HTTP/1.1" 304 0
[08/Mar/2026 16:54:39] "GET /media/products/Organic_Cow_Milk.png HTTP/1.1" 304 0
[08/Mar/2026 16:54:39] "GET /media/products/Rose_Milk.png HTTP/1.1" 304 0
[08/Mar/2026 16:54:39] "GET /media/products/Salted_Butter.png HTTP/1.1" 304 0
[08/Mar/2026 16:54:39] "GET /media/products/Strawberry_Milk.png HTTP/1.1" 304 0
[08/Mar/2026 16:54:39] "GET /media/products/Toned_Milk.png HTTP/1.1" 304 0
[08/Mar/2026 16:54:39] "GET /media/products/Unsalted_Butter.png HTTP/1.1" 304 0
[08/Mar/2026 16:55:07] "GET /api/categories HTTP/1.1" 200 1023
[08/Mar/2026 16:55:07] "GET /api/products?ordering=name HTTP/1.1" 200 6403
[08/Mar/2026 16:55:07] "GET /api/profile HTTP/1.1" 200 259
[08/Mar/2026 16:55:07] "GET /api/categories HTTP/1.1" 200 1023
[08/Mar/2026 16:55:07] "GET /api/profile HTTP/1.1" 200 259
[08/Mar/2026 16:55:07] "GET /api/subscriptions?ordering=-created_at&limit=10&offset=0 HTTP/1.1" 200 2
[08/Mar/2026 16:55:07] "GET /api/products?ordering=name HTTP/1.1" 200 6403
[08/Mar/2026 16:55:07] "GET /api/subscriptions?ordering=-created_at&limit=10&offset=0 HTTP/1.1" 200 2
[08/Mar/2026 16:55:21] "POST /api/login HTTP/1.1" 200 519
[08/Mar/2026 16:55:21] "GET /api/profile HTTP/1.1" 200 227
[08/Mar/2026 16:55:21] "GET /api/subscriptions?ordering=-created_at&limit=10&offset=0 HTTP/1.1" 200 2
[08/Mar/2026 16:55:33] "POST /api/login HTTP/1.1" 200 519
[08/Mar/2026 16:55:33] "GET /api/profile HTTP/1.1" 200 236
[08/Mar/2026 16:55:33] "GET /api/subscriptions?ordering=-created_at&limit=10&offset=0 HTTP/1.1" 200 2
[08/Mar/2026 16:55:33] "GET /api/products HTTP/1.1" 200 6403
[08/Mar/2026 16:55:33] "OPTIONS /api/customers?limit=100 HTTP/1.1" 200 0
[08/Mar/2026 16:55:33] "OPTIONS /api/subscriptions HTTP/1.1" 200 0
[08/Mar/2026 16:55:33] "GET /api/subscriptions HTTP/1.1" 200 2
[08/Mar/2026 16:55:33] "GET /api/customers?limit=100 HTTP/1.1" 200 365
[08/Mar/2026 16:55:33] "GET /api/products HTTP/1.1" 200 6403
[08/Mar/2026 16:55:33] "GET /api/subscriptions HTTP/1.1" 200 2
[08/Mar/2026 16:55:33] "GET /api/customers?limit=100 HTTP/1.1" 200 365
[08/Mar/2026 16:55:33] "GET /api/products HTTP/1.1" 200 6403
[08/Mar/2026 16:55:33] "GET /api/subscriptions HTTP/1.1" 200 2
[08/Mar/2026 16:55:33] "GET /api/products HTTP/1.1" 200 6403
[08/Mar/2026 16:55:33] "GET /api/customers?limit=100 HTTP/1.1" 200 365
[08/Mar/2026 16:55:33] "GET /api/subscriptions HTTP/1.1" 200 2
[08/Mar/2026 16:55:33] "GET /api/customers?limit=100 HTTP/1.1" 200 365
[08/Mar/2026 16:55:39] "GET /api/categories HTTP/1.1" 200 1023
[08/Mar/2026 16:55:39] "GET /api/products?ordering=name HTTP/1.1" 200 6403
[08/Mar/2026 16:55:39] "GET /api/profile HTTP/1.1" 200 236
[08/Mar/2026 16:55:39] "GET /api/categories HTTP/1.1" 200 1023
[08/Mar/2026 16:55:39] "GET /api/products?ordering=name HTTP/1.1" 200 6403
[08/Mar/2026 16:55:39] "GET /api/profile HTTP/1.1" 200 236
[08/Mar/2026 16:55:39] "GET /api/subscriptions?ordering=-created_at&limit=10&offset=0 HTTP/1.1" 200 2
[08/Mar/2026 16:55:39] "GET /api/subscriptions?ordering=-created_at&limit=10&offset=0 HTTP/1.1" 200 2
[08/Mar/2026 16:55:39] "GET /api/subscriptions HTTP/1.1" 200 2
[08/Mar/2026 16:55:39] "GET /api/products HTTP/1.1" 200 6403
[08/Mar/2026 16:55:39] "GET /api/customers?limit=100 HTTP/1.1" 200 365
[08/Mar/2026 16:55:39] "GET /api/subscriptions HTTP/1.1" 200 2
[08/Mar/2026 16:55:39] "GET /api/products HTTP/1.1" 200 6403
[08/Mar/2026 16:55:39] "GET /api/customers?limit=100 HTTP/1.1" 200 365
[08/Mar/2026 17:01:46] "POST /api/login HTTP/1.1" 200 519
[08/Mar/2026 17:01:46] "GET /api/profile HTTP/1.1" 200 259
[08/Mar/2026 17:01:46] "GET /api/subscriptions?ordering=-created_at&limit=10&offset=0 HTTP/1.1" 200 2
[08/Mar/2026 17:01:46] "GET /media/products/Cheddar_Cheese.png HTTP/1.1" 304 0
[08/Mar/2026 17:01:46] "GET /media/products/Chochlate_Milk.png HTTP/1.1" 304 0
[08/Mar/2026 17:01:46] "GET /media/products/Desi_Cow_Ghee.png HTTP/1.1" 304 0
[08/Mar/2026 17:01:46] "GET /media/products/Double_Toned_Milk.png HTTP/1.1" 304 0
[08/Mar/2026 17:01:46] "GET /media/products/Fresh_Curd.png HTTP/1.1" 304 0
[08/Mar/2026 17:01:46] "GET /media/products/Fresh_Paneer.png HTTP/1.1" 304 0
[08/Mar/2026 17:01:46] "GET /media/products/Greek_Yogurt.png HTTP/1.1" 304 0
[08/Mar/2026 17:01:46] "GET /media/products/Full_Cream_Milk.png HTTP/1.1" 304 0
[08/Mar/2026 17:01:46] "GET /media/products/Low_Fat_Paneer.png HTTP/1.1" 304 0
[08/Mar/2026 17:01:46] "GET /media/products/Low_Fat_Yogurt.png HTTP/1.1" 304 0
[08/Mar/2026 17:01:46] "GET /media/products/Malai_Paneer.png HTTP/1.1" 304 0
[08/Mar/2026 17:01:46] "GET /media/products/Mozzarella_Cheese.png HTTP/1.1" 304 0
[08/Mar/2026 17:01:46] "GET /media/products/Rose_Milk.png HTTP/1.1" 304 0
[08/Mar/2026 17:01:46] "GET /media/products/Organic_Cow_Milk.png HTTP/1.1" 304 0
[08/Mar/2026 17:01:46] "GET /media/products/Salted_Butter.png HTTP/1.1" 304 0
[08/Mar/2026 17:01:46] "GET /media/products/Toned_Milk.png HTTP/1.1" 304 0
[08/Mar/2026 17:01:46] "GET /media/products/Strawberry_Milk.png HTTP/1.1" 304 0
[08/Mar/2026 17:01:46] "GET /media/products/Unsalted_Butter.png HTTP/1.1" 304 0
