[09/Mar/2026 14:46:03] "GET /api/health/ HTTP/1.1" 200 37
[09/Mar/2026 14:46:03,604] - Broken pipe from ('127.0.0.1', 57808)
[09/Mar/2026 14:46:17] "GET /api/health/ HTTP/1.1" 200 37
[09/Mar/2026 14:46:17,465] - Broken pipe from ('127.0.0.1', 56695)
[09/Mar/2026 14:46:30] "GET /api/plans?ordering=product__name&limit=200 HTTP/1.1" 200 2
[09/Mar/2026 14:46:30,259] - Broken pipe from ('127.0.0.1', 62715)
[09/Mar/2026 14:46:30] "GET /api/products?ordering=name HTTP/1.1" 200 6403
[09/Mar/2026 14:46:30] "GET /api/categories HTTP/1.1" 200 1023
[09/Mar/2026 14:46:30,287] - Broken pipe from ('127.0.0.1', 62716)
[09/Mar/2026 14:46:30,297] - Broken pipe from ('127.0.0.1', 62717)
[09/Mar/2026 14:46:58] "GET /api/products?ordering=name HTTP/1.1" 200 6403
[09/Mar/2026 14:46:58] "GET /api/categories HTTP/1.1" 200 1023
[09/Mar/2026 14:46:58] "GET /api/plans?ordering=product__name&limit=200 HTTP/1.1" 200 2
[09/Mar/2026 14:46:58] "GET /api/products?ordering=name HTTP/1.1" 200 6403
[09/Mar/2026 14:46:58] "GET /api/categories HTTP/1.1" 200 1023
[09/Mar/2026 14:46:58] "GET /api/plans?ordering=product__name&limit=200 HTTP/1.1" 200 2
[09/Mar/2026 14:47:10] "OPTIONS /api/login HTTP/1.1" 200 0
Unauthorized: /api/login
[09/Mar/2026 14:47:11] "POST /api/login HTTP/1.1" 401 33
Unauthorized: /api/login
[09/Mar/2026 14:47:20] "POST /api/login HTTP/1.1" 401 33
[09/Mar/2026 14:47:44] "POST /api/login HTTP/1.1" 200 519
[09/Mar/2026 14:47:44] "OPTIONS /api/profile HTTP/1.1" 200 0
[09/Mar/2026 14:47:44] "GET /api/profile HTTP/1.1" 200 236
[09/Mar/2026 14:47:44] "OPTIONS /api/subscriptions?ordering=-created_at&limit=10&offset=0 HTTP/1.1" 200 0
[09/Mar/2026 14:47:44] "OPTIONS /api/customers?limit=100 HTTP/1.1" 200 0
[09/Mar/2026 14:47:44] "OPTIONS /api/subscriptions HTTP/1.1" 200 0
[09/Mar/2026 14:47:44] "OPTIONS /api/customers?limit=100 HTTP/1.1" 200 0
[09/Mar/2026 14:47:44] "OPTIONS /api/subscriptions HTTP/1.1" 200 0
[09/Mar/2026 14:47:44] "GET /api/customers?limit=100 HTTP/1.1" 200 365
[09/Mar/2026 14:47:44] "GET /api/subscriptions?ordering=-created_at&limit=10&offset=0 HTTP/1.1" 200 2
[09/Mar/2026 14:47:44] "GET /api/subscriptions HTTP/1.1" 200 2
[09/Mar/2026 14:47:44] "GET /api/products HTTP/1.1" 200 6403
[09/Mar/2026 14:47:44] "GET /api/customers?limit=100 HTTP/1.1" 200 365
[09/Mar/2026 14:47:44] "GET /api/subscriptions HTTP/1.1" 200 2
[09/Mar/2026 14:47:44] "GET /api/products HTTP/1.1" 200 6403
[09/Mar/2026 14:47:44] "GET /api/customers?limit=100 HTTP/1.1" 200 365
[09/Mar/2026 14:47:44] "GET /api/subscriptions HTTP/1.1" 200 2
[09/Mar/2026 14:47:44] "GET /api/products HTTP/1.1" 200 6403
[09/Mar/2026 14:47:44] "GET /api/subscriptions HTTP/1.1" 200 2
[09/Mar/2026 14:47:44] "GET /api/customers?limit=100 HTTP/1.1" 200 365
[09/Mar/2026 14:47:44] "GET /api/products HTTP/1.1" 200 6403
[09/Mar/2026 14:47:47] "GET /api/categories HTTP/1.1" 200 1023
[09/Mar/2026 14:47:47] "GET /api/products HTTP/1.1" 200 6403
[09/Mar/2026 14:47:47] "GET /api/categories HTTP/1.1" 200 1023
[09/Mar/2026 14:47:47] "GET /api/products HTTP/1.1" 200 6403
Unauthorized: /api/login
[09/Mar/2026 14:47:57] "POST /api/login HTTP/1.1" 401 33
[09/Mar/2026 14:48:02] "POST /api/login HTTP/1.1" 200 519
[09/Mar/2026 14:48:02] "GET /api/profile HTTP/1.1" 200 259
[09/Mar/2026 14:48:02] "GET /api/subscriptions?ordering=-created_at&limit=10&offset=0 HTTP/1.1" 200 2
[09/Mar/2026 14:48:02] "GET /media/products/Double_Toned_Milk.png HTTP/1.1" 200 2263181
[09/Mar/2026 14:48:02] "GET /media/products/Cheddar_Cheese.png HTTP/1.1" 200 2113305
[09/Mar/2026 14:48:02] "GET /media/products/Desi_Cow_Ghee.png HTTP/1.1" 200 2185619
[09/Mar/2026 14:48:02] "GET /media/products/Fresh_Curd.png HTTP/1.1" 200 2188390
[09/Mar/2026 14:48:02] "GET /media/products/Chochlate_Milk.png HTTP/1.1" 200 2514135
[09/Mar/2026 14:48:02] "GET /media/products/Fresh_Paneer.png HTTP/1.1" 200 2152621
[09/Mar/2026 14:48:02] "GET /media/products/Greek_Yogurt.png HTTP/1.1" 200 2066469
[09/Mar/2026 14:48:02] "GET /media/products/Full_Cream_Milk.png HTTP/1.1" 200 2256623
[09/Mar/2026 14:48:02] "GET /media/products/Low_Fat_Paneer.png HTTP/1.1" 200 2068758
[09/Mar/2026 14:48:02] "GET /media/products/Low_Fat_Yogurt.png HTTP/1.1" 200 2060559
[09/Mar/2026 14:48:02] "GET /media/products/Gemini_Generated_Image_7odfos7odfos7odf_NmWqMbk.png HTTP/1.1" 200 6895889
[09/Mar/2026 14:48:02] "GET /media/products/Gemini_Generated_Image_tsemjktsemjktsem.png HTTP/1.1" 200 7065922
[09/Mar/2026 14:48:02] "GET /media/products/Malai_Paneer.png HTTP/1.1" 200 2110438
[09/Mar/2026 14:48:02] "GET /media/products/Mozzarella_Cheese.png HTTP/1.1" 200 2152494
[09/Mar/2026 14:48:02] "GET /media/products/Organic_Cow_Milk.png HTTP/1.1" 200 2278661
[09/Mar/2026 14:48:02] "GET /media/products/Rose_Milk.png HTTP/1.1" 200 2164526
[09/Mar/2026 14:48:02] "GET /media/products/Salted_Butter.png HTTP/1.1" 200 2030008
[09/Mar/2026 14:48:02] "GET /media/products/Strawberry_Milk.png HTTP/1.1" 200 2270705
[09/Mar/2026 14:48:02] "GET /media/products/Toned_Milk.png HTTP/1.1" 200 2154899
[09/Mar/2026 14:48:02] "GET /media/products/Unsalted_Butter.png HTTP/1.1" 200 2051810
[09/Mar/2026 14:48:49] "POST /api/subscriptions HTTP/1.1" 201 340
[09/Mar/2026 14:48:49] "GET /api/subscriptions?ordering=-created_at&limit=10&offset=0 HTTP/1.1" 200 342
[09/Mar/2026 14:48:49] "OPTIONS /api/subscriptions?ordering=-created_at&limit=100 HTTP/1.1" 200 0
[09/Mar/2026 14:48:49] "OPTIONS /api/subscriptions?ordering=-created_at&limit=100 HTTP/1.1" 200 0
[09/Mar/2026 14:48:49] "GET /api/subscriptions?ordering=-created_at&limit=100 HTTP/1.1" 200 342
[09/Mar/2026 14:48:49] "GET /api/subscriptions?ordering=-created_at&limit=100 HTTP/1.1" 200 342
[09/Mar/2026 14:50:12] "POST /api/login HTTP/1.1" 200 519
[09/Mar/2026 14:50:12] "GET /api/profile HTTP/1.1" 200 236
[09/Mar/2026 14:50:12] "GET /api/subscriptions?ordering=-created_at&limit=10&offset=0 HTTP/1.1" 200 342
[09/Mar/2026 14:50:12] "GET /api/subscriptions HTTP/1.1" 200 342
[09/Mar/2026 14:50:12] "GET /api/products HTTP/1.1" 200 6403
[09/Mar/2026 14:50:12] "GET /api/customers?limit=100 HTTP/1.1" 200 365
[09/Mar/2026 14:50:12] "GET /api/products HTTP/1.1" 200 6403
[09/Mar/2026 14:50:12] "GET /api/subscriptions HTTP/1.1" 200 342
[09/Mar/2026 14:50:12] "GET /api/customers?limit=100 HTTP/1.1" 200 365
[09/Mar/2026 14:50:12] "GET /api/subscriptions HTTP/1.1" 200 342
[09/Mar/2026 14:50:12] "GET /api/products HTTP/1.1" 200 6403
[09/Mar/2026 14:50:12] "GET /api/customers?limit=100 HTTP/1.1" 200 365
[09/Mar/2026 14:50:12] "GET /api/products HTTP/1.1" 200 6403
[09/Mar/2026 14:50:12] "GET /api/subscriptions HTTP/1.1" 200 342
[09/Mar/2026 14:50:12] "GET /api/customers?limit=100 HTTP/1.1" 200 365
[09/Mar/2026 14:50:29] "GET /api/categories HTTP/1.1" 200 1023
[09/Mar/2026 14:50:29] "GET /api/products HTTP/1.1" 200 6403
[09/Mar/2026 14:50:29] "GET /api/categories HTTP/1.1" 200 1023
[09/Mar/2026 14:50:29] "GET /api/products HTTP/1.1" 200 6403
[09/Mar/2026 14:50:37] "OPTIONS /api/admin/plans?ordering=product__name&limit=200 HTTP/1.1" 200 0
[09/Mar/2026 14:50:37] "OPTIONS /api/admin/plans?ordering=product__name&limit=200 HTTP/1.1" 200 0
[09/Mar/2026 14:50:37] "GET /api/products HTTP/1.1" 200 6403
[09/Mar/2026 14:50:37] "GET /api/admin/plans?ordering=product__name&limit=200 HTTP/1.1" 200 2
[09/Mar/2026 14:50:37] "GET /api/products HTTP/1.1" 200 6403
[09/Mar/2026 14:50:37] "GET /api/admin/plans?ordering=product__name&limit=200 HTTP/1.1" 200 2
[09/Mar/2026 14:50:41] "OPTIONS /api/customers?limit=200 HTTP/1.1" 200 0
[09/Mar/2026 14:50:41] "OPTIONS /api/customers?limit=200 HTTP/1.1" 200 0
[09/Mar/2026 14:50:41] "GET /api/customers?limit=200 HTTP/1.1" 200 365
[09/Mar/2026 14:50:41] "GET /api/customers?limit=200 HTTP/1.1" 200 365
[09/Mar/2026 14:50:46] "GET /api/customers?limit=200 HTTP/1.1" 200 365
[09/Mar/2026 14:50:46] "GET /api/customers?limit=200 HTTP/1.1" 200 365
[09/Mar/2026 14:50:49] "OPTIONS /api/admin/subscriptions?ordering=-created_at&limit=200 HTTP/1.1" 200 0
[09/Mar/2026 14:50:49] "OPTIONS /api/admin/subscriptions?ordering=-created_at&limit=200 HTTP/1.1" 200 0
[09/Mar/2026 14:50:49] "GET /api/admin/subscriptions?ordering=-created_at&limit=200 HTTP/1.1" 200 342
[09/Mar/2026 14:50:49] "GET /api/admin/subscriptions?ordering=-created_at&limit=200 HTTP/1.1" 200 342
[09/Mar/2026 14:50:52] "GET /api/customers?limit=100 HTTP/1.1" 200 365
[09/Mar/2026 14:50:52] "GET /api/subscriptions HTTP/1.1" 200 342
[09/Mar/2026 14:50:52] "GET /api/products HTTP/1.1" 200 6403
[09/Mar/2026 14:50:52] "GET /api/customers?limit=100 HTTP/1.1" 200 365
[09/Mar/2026 14:50:52] "GET /api/products HTTP/1.1" 200 6403
[09/Mar/2026 14:50:52] "GET /api/subscriptions HTTP/1.1" 200 342
[09/Mar/2026 14:51:11] "GET /api/categories HTTP/1.1" 200 1023
[09/Mar/2026 14:51:11] "GET /api/products HTTP/1.1" 200 6403
[09/Mar/2026 14:51:11] "GET /api/categories HTTP/1.1" 200 1023
[09/Mar/2026 14:51:11] "GET /api/products HTTP/1.1" 200 6403
[09/Mar/2026 14:51:40] "POST /api/login HTTP/1.1" 200 519
[09/Mar/2026 14:51:40] "GET /api/profile HTTP/1.1" 200 259
[09/Mar/2026 14:51:40] "GET /api/subscriptions?ordering=-created_at&limit=10&offset=0 HTTP/1.1" 200 342
[09/Mar/2026 14:57:31] "GET /api/categories HTTP/1.1" 200 1023
[09/Mar/2026 14:57:31] "GET /api/plans?ordering=product__name&limit=200 HTTP/1.1" 200 2
[09/Mar/2026 14:57:31] "GET /api/products?ordering=name HTTP/1.1" 200 6403
[09/Mar/2026 14:57:31] "GET /api/subscriptions?ordering=-created_at&limit=10&offset=0 HTTP/1.1" 200 342
[09/Mar/2026 14:57:31] "GET /api/profile HTTP/1.1" 200 259
[09/Mar/2026 14:57:31] "GET /api/subscriptions?ordering=-created_at&limit=10&offset=0 HTTP/1.1" 200 342
[09/Mar/2026 14:57:31] "GET /api/plans?ordering=product__name&limit=200 HTTP/1.1" 200 2
[09/Mar/2026 14:57:31] "GET /api/categories HTTP/1.1" 200 1023
[09/Mar/2026 14:57:31] "GET /api/products?ordering=name HTTP/1.1" 200 6403
[09/Mar/2026 14:57:31] "GET /api/profile HTTP/1.1" 200 259
[09/Mar/2026 14:57:31] "GET /api/subscriptions?ordering=-created_at&limit=10&offset=0 HTTP/1.1" 200 342
[09/Mar/2026 14:58:20] "GET /api/categories HTTP/1.1" 200 1023
[09/Mar/2026 14:58:20] "GET /api/plans?ordering=product__name&limit=200 HTTP/1.1" 200 2
[09/Mar/2026 14:58:20] "GET /api/profile HTTP/1.1" 200 259
[09/Mar/2026 14:58:20] "GET /api/products?ordering=name HTTP/1.1" 200 6403
[09/Mar/2026 14:58:20] "GET /api/plans?ordering=product__name&limit=200 HTTP/1.1" 200 2
[09/Mar/2026 14:58:20] "GET /api/categories HTTP/1.1" 200 1023
[09/Mar/2026 14:58:20] "GET /api/products?ordering=name HTTP/1.1" 200 6403
[09/Mar/2026 14:58:20] "GET /api/profile HTTP/1.1" 200 259
[09/Mar/2026 14:58:20] "GET /api/subscriptions?ordering=-created_at&limit=10&offset=0 HTTP/1.1" 200 342
[09/Mar/2026 14:58:20] "GET /api/subscriptions?ordering=-created_at&limit=10&offset=0 HTTP/1.1" 200 342
[09/Mar/2026 14:58:20] "GET /api/plans?ordering=product__name&limit=200 HTTP/1.1" 200 2
[09/Mar/2026 14:58:20] "GET /api/categories HTTP/1.1" 200 1023
[09/Mar/2026 14:58:20] "GET /api/products?ordering=name HTTP/1.1" 200 6403
[09/Mar/2026 14:58:20] "GET /api/profile HTTP/1.1" 200 259
[09/Mar/2026 14:58:20] "GET /api/categories HTTP/1.1" 200 1023
[09/Mar/2026 14:58:20] "GET /api/plans?ordering=product__name&limit=200 HTTP/1.1" 200 2
[09/Mar/2026 14:58:20] "GET /api/products?ordering=name HTTP/1.1" 200 6403
[09/Mar/2026 14:58:20] "GET /api/subscriptions?ordering=-created_at&limit=10&offset=0 HTTP/1.1" 200 342
[09/Mar/2026 14:58:20] "GET /api/profile HTTP/1.1" 200 259
[09/Mar/2026 14:58:20] "GET /api/subscriptions?ordering=-created_at&limit=10&offset=0 HTTP/1.1" 200 342
[09/Mar/2026 14:59:00] "GET /api/plans?ordering=product__name&limit=200 HTTP/1.1" 200 2
[09/Mar/2026 14:59:00] "GET /api/categories HTTP/1.1" 200 1023
[09/Mar/2026 14:59:00] "GET /api/profile HTTP/1.1" 200 259
[09/Mar/2026 14:59:00] "GET /api/products?ordering=name HTTP/1.1" 200 6403
[09/Mar/2026 14:59:00] "GET /api/plans?ordering=product__name&limit=200 HTTP/1.1" 200 2
[09/Mar/2026 14:59:00] "GET /api/categories HTTP/1.1" 200 1023
[09/Mar/2026 14:59:00] "GET /api/profile HTTP/1.1" 200 259
[09/Mar/2026 14:59:00] "GET /api/products?ordering=name HTTP/1.1" 200 6403
[09/Mar/2026 14:59:00] "GET /api/subscriptions?ordering=-created_at&limit=10&offset=0 HTTP/1.1" 200 342
[09/Mar/2026 14:59:00] "GET /api/subscriptions?ordering=-created_at&limit=10&offset=0 HTTP/1.1" 200 342
